Build started 22-10-2012 11:20:01.
Project "F:\Dropbox\DB Documents\Heriot-Watt\Year 3\Semester 1\Systems Project\Digital and Software\Systems-project\VCpp MBED to Sensor 2\try2\try2.vcxproj" on node 2 (build target(s)).
InitializeBuildStatus:
  Creating "Debug\try2.unsuccessfulbuild" because "AlwaysCreate" was specified.
GenerateTargetFrameworkMonikerAttribute:
Skipping target "GenerateTargetFrameworkMonikerAttribute" because all output files are up-to-date with respect to the input files.
ClCompile:
  All outputs are up-to-date.
  All outputs are up-to-date.
  All outputs are up-to-date.
CoreResGen:
  All outputs are up-to-date.
ResourceCompile:
  All outputs are up-to-date.
Link:
  All outputs are up-to-date.
  try2.vcxproj -> F:\Dropbox\DB Documents\Heriot-Watt\Year 3\Semester 1\Systems Project\Digital and Software\Systems-project\VCpp MBED to Sensor 2\Debug\try2.exe
FinalizeBuildStatus:
  Deleting file "Debug\try2.unsuccessfulbuild".
  Touching "Debug\try2.lastbuildstate".
Done Building Project "F:\Dropbox\DB Documents\Heriot-Watt\Year 3\Semester 1\Systems Project\Digital and Software\Systems-project\VCpp MBED to Sensor 2\try2\try2.vcxproj" (build target(s)).

Build succeeded.

Time Elapsed 00:00:00.83
