Build started 28-10-2012 10:49:03.
Project "F:\Dropbox\DB Documents\Heriot-Watt\Year 3\Semester 1\Systems Project\Digital and Software\Systems-project\1. PC to MBED\try2\try2.vcxproj" on node 2 (build target(s)).
InitializeBuildStatus:
  Creating "Release\try2.unsuccessfulbuild" because "AlwaysCreate" was specified.
GenerateTargetFrameworkMonikerAttribute:
Skipping target "GenerateTargetFrameworkMonikerAttribute" because all output files are up-to-date with respect to the input files.
ClCompile:
  c:\Program Files\Microsoft Visual Studio 10.0\VC\bin\CL.exe /c /AI"C:\Program Files\Reference Assemblies\Microsoft\Framework\.NETFramework\v4.0" /Zi /clr:pure /nologo /W3 /WX- /O2 /Oy- /D WIN32 /D NDEBUG /D _UNICODE /D UNICODE /EHa /MD /GS /fp:precise /Zc:wchar_t /Zc:forScope /Yc"StdAfx.h" /Fp"Release\try2.pch" /Fo"Release\\" /Fd"Release\vc100.pdb" /TP /FU"C:\Program Files\Reference Assemblies\Microsoft\Framework\.NETFramework\v4.0\System.Core.dll" /FU"C:\Program Files\Reference Assemblies\Microsoft\Framework\.NETFramework\v4.0\System.Data.dll" /FU"C:\Program Files\Reference Assemblies\Microsoft\Framework\.NETFramework\v4.0\System.dll" /FU"C:\Program Files\Reference Assemblies\Microsoft\Framework\.NETFramework\v4.0\System.Drawing.dll" /FU"C:\Program Files\Reference Assemblies\Microsoft\Framework\.NETFramework\v4.0\System.Windows.Forms.dll" /FU"C:\Program Files\Reference Assemblies\Microsoft\Framework\.NETFramework\v4.0\System.Xml.dll" /analyze- /errorReport:prompt stdafx.cpp /clr:nostdlib 
  stdafx.cpp
  c:\Program Files\Microsoft Visual Studio 10.0\VC\bin\CL.exe /c /AI"C:\Program Files\Reference Assemblies\Microsoft\Framework\.NETFramework\v4.0" /Zi /clr:pure /nologo /W3 /WX- /O2 /Oy- /D WIN32 /D NDEBUG /D _UNICODE /D UNICODE /EHa /MD /GS /fp:precise /Zc:wchar_t /Zc:forScope /Yu"StdAfx.h" /Fp"Release\try2.pch" /Fo"Release\\" /Fd"Release\vc100.pdb" /TP /FU"C:\Program Files\Reference Assemblies\Microsoft\Framework\.NETFramework\v4.0\System.Core.dll" /FU"C:\Program Files\Reference Assemblies\Microsoft\Framework\.NETFramework\v4.0\System.Data.dll" /FU"C:\Program Files\Reference Assemblies\Microsoft\Framework\.NETFramework\v4.0\System.dll" /FU"C:\Program Files\Reference Assemblies\Microsoft\Framework\.NETFramework\v4.0\System.Drawing.dll" /FU"C:\Program Files\Reference Assemblies\Microsoft\Framework\.NETFramework\v4.0\System.Windows.Forms.dll" /FU"C:\Program Files\Reference Assemblies\Microsoft\Framework\.NETFramework\v4.0\System.Xml.dll" /analyze- /errorReport:prompt AssemblyInfo.cpp try2.cpp /clr:nostdlib 
  AssemblyInfo.cpp
  try2.cpp
f:\dropbox\db documents\heriot-watt\year 3\semester 1\systems project\digital and software\systems-project\1. pc to mbed\try2\Form1.h(274): warning C4244: 'return' : conversion from 'float' to 'int', possible loss of data
f:\dropbox\db documents\heriot-watt\year 3\semester 1\systems project\digital and software\systems-project\1. pc to mbed\try2\Form1.h(276): warning C4101: 'fe' : unreferenced local variable
  Generating Code...
  c:\Program Files\Microsoft Visual Studio 10.0\VC\bin\CL.exe /c /Zi /clr:pure /nologo /W3 /WX- /O2 /Oy- /D WIN32 /D NDEBUG /D _UNICODE /D UNICODE /EHa /MD /GS /fp:precise /Zc:wchar_t /Zc:forScope /Fo"Release\\" /Fd"Release\vc100.pdb" /TP /analyze- /errorReport:prompt "C:\Users\niedzwiedz\AppData\Local\Temp\.NETFramework,Version=v4.0.AssemblyAttributes.cpp"
  .NETFramework,Version=v4.0.AssemblyAttributes.cpp
CoreResGen:
  "C:\Program Files\Microsoft SDKs\Windows\v7.0A\bin\NETFX 4.0 Tools\resgen.exe" /useSourcePath /r:"C:\Program Files\Reference Assemblies\Microsoft\Framework\.NETFramework\v4.0\System.Core.dll" /r:"C:\Program Files\Reference Assemblies\Microsoft\Framework\.NETFramework\v4.0\System.Data.dll" /r:"C:\Program Files\Reference Assemblies\Microsoft\Framework\.NETFramework\v4.0\System.dll" /r:"C:\Program Files\Reference Assemblies\Microsoft\Framework\.NETFramework\v4.0\System.Drawing.dll" /r:"C:\Program Files\Reference Assemblies\Microsoft\Framework\.NETFramework\v4.0\System.Windows.Forms.dll" /r:"C:\Program Files\Reference Assemblies\Microsoft\Framework\.NETFramework\v4.0\System.Xml.dll" /compile Form1.resX,Release\try2.Form1.resources
  Processing resource file "Form1.resX" into "Release\try2.Form1.resources".
ResourceCompile:
  C:\Program Files\Microsoft SDKs\Windows\v7.0A\bin\rc.exe /D _UNICODE /D UNICODE /l"0x0409" /nologo /fo"Release\app.res" app.rc 
Link:
  c:\Program Files\Microsoft Visual Studio 10.0\VC\bin\link.exe /ERRORREPORT:PROMPT /OUT:"F:\Dropbox\DB Documents\Heriot-Watt\Year 3\Semester 1\Systems Project\Digital and Software\Systems-project\1. PC to MBED\Release\try2.exe" /INCREMENTAL:NO /NOLOGO /ASSEMBLYRESOURCE:Release\try2.Form1.resources /MANIFEST /ManifestFile:"Release\try2.exe.intermediate.manifest" /MANIFESTUAC:"level='asInvoker' uiAccess='false'" /DEBUG /PDB:"F:\Dropbox\DB Documents\Heriot-Watt\Year 3\Semester 1\Systems Project\Digital and Software\Systems-project\1. PC to MBED\Release\try2.pdb" /SUBSYSTEM:WINDOWS /TLBID:1 /ENTRY:"main" /DYNAMICBASE /FIXED:NO /NXCOMPAT /MACHINE:X86 Release\app.res
  Release\AssemblyInfo.obj
  Release\stdafx.obj
  Release\try2.obj
  "Release\.NETFramework,Version=v4.0.AssemblyAttributes.obj"
  try2.vcxproj -> F:\Dropbox\DB Documents\Heriot-Watt\Year 3\Semester 1\Systems Project\Digital and Software\Systems-project\1. PC to MBED\Release\try2.exe
Manifest:
  C:\Program Files\Microsoft SDKs\Windows\v7.0A\bin\mt.exe /nologo /verbose /outputresource:"F:\Dropbox\DB Documents\Heriot-Watt\Year 3\Semester 1\Systems Project\Digital and Software\Systems-project\1. PC to MBED\Release\try2.exe;#1" /manifest Release\try2.exe.intermediate.manifest
FinalizeBuildStatus:
  Deleting file "Release\try2.unsuccessfulbuild".
  Touching "Release\try2.lastbuildstate".
Done Building Project "F:\Dropbox\DB Documents\Heriot-Watt\Year 3\Semester 1\Systems Project\Digital and Software\Systems-project\1. PC to MBED\try2\try2.vcxproj" (build target(s)).

Build succeeded.

Time Elapsed 00:00:09.04
