Restore Archived Project report for lab2
Sun Oct 21 22:35:34 2012
Quartus II 32-bit Version 11.1 Build 259 01/25/2012 Service Pack 2 SJ Web Edition


---------------------
; Table of Contents ;
---------------------
  1. Legal Notice
  2. Restore Archived Project Summary
  3. Restore Archived Project Messages
  4. Files Restored
  5. Files Not Restored



----------------
; Legal Notice ;
----------------
Copyright (C) 1991-2011 Altera Corporation
Your use of Altera Corporation's design tools, logic functions 
and other software and tools, and its AMPP partner logic 
functions, and any output files from any of the foregoing 
(including device programming or simulation files), and any 
associated documentation or information are expressly subject 
to the terms and conditions of the Altera Program License 
Subscription Agreement, Altera MegaCore Function License 
Agreement, or other applicable license agreement, including, 
without limitation, that your use is for the sole purpose of 
programming logic devices manufactured by Altera and sold by 
Altera or its authorized distributors.  Please refer to the 
applicable agreement for further details.



+-------------------------------------------------------------------------+
; Restore Archived Project Summary                                        ;
+---------------------------------+---------------------------------------+
; Restore Archived Project Status ; Successful - Sun Oct 21 22:35:34 2012 ;
; Revision Name                   ; lab2                                  ;
; Top-level Entity Name           ; lab2                                  ;
; Family                          ; Cyclone II                            ;
+---------------------------------+---------------------------------------+


+-----------------------------------+
; Restore Archived Project Messages ;
+-----------------------------------+
Info: Successfully restored 'C:/Users/niedzwiedz/Documents/Quartus/Ass2/lab2_tmp_archive.qar' into the 'C:/Users/niedzwiedz/Documents/Quartus/Ass2_copy/' directory
Info: Generated report 'lab2.restore.rpt'


+-------------------------------------------------+
; Files Restored                                  ;
+-------------------------------------------------+
; File Name                                       ;
+-------------------------------------------------+
; incremental_db/compiled_partitions/lab2.db_info ;
; lab2.qpf                                        ;
; lab2.qsf                                        ;
; lab2.v                                          ;
; assignment_defaults.qdf                         ;
+-------------------------------------------------+


+--------------------+
; Files Not Restored ;
+--------------------+
; File Name          ;
+--------------------+


