Partition Merge report for lab2
Mon Oct 22 00:32:06 2012
Quartus II 32-bit Version 11.1 Build 259 01/25/2012 Service Pack 2 SJ Web Edition


---------------------
; Table of Contents ;
---------------------
  1. Legal Notice
  2. Partition Merge Summary
  3. Partition Merge Netlist Types Used
  4. Connections to In-System Debugging Instance "auto_signaltap_0"
  5. Partition Merge Partition Statistics
  6. Partition Merge Resource Usage Summary
  7. Partition Merge RAM Summary
  8. Partition Merge Messages



----------------
; Legal Notice ;
----------------
Copyright (C) 1991-2011 Altera Corporation
Your use of Altera Corporation's design tools, logic functions 
and other software and tools, and its AMPP partner logic 
functions, and any output files from any of the foregoing 
(including device programming or simulation files), and any 
associated documentation or information are expressly subject 
to the terms and conditions of the Altera Program License 
Subscription Agreement, Altera MegaCore Function License 
Agreement, or other applicable license agreement, including, 
without limitation, that your use is for the sole purpose of 
programming logic devices manufactured by Altera and sold by 
Altera or its authorized distributors.  Please refer to the 
applicable agreement for further details.



+------------------------------------------------------------------------------------+
; Partition Merge Summary                                                            ;
+------------------------------------+-----------------------------------------------+
; Partition Merge Status             ; Successful - Mon Oct 22 00:32:06 2012         ;
; Quartus II 32-bit Version          ; 11.1 Build 259 01/25/2012 SP 2 SJ Web Edition ;
; Revision Name                      ; lab2                                          ;
; Top-level Entity Name              ; lab2                                          ;
; Family                             ; Cyclone II                                    ;
; Total logic elements               ; 628                                           ;
;     Total combinational functions  ; 419                                           ;
;     Dedicated logic registers      ; 460                                           ;
; Total registers                    ; 460                                           ;
; Total pins                         ; 7                                             ;
; Total virtual pins                 ; 0                                             ;
; Total memory bits                  ; 1,792                                         ;
; Embedded Multiplier 9-bit elements ; 0                                             ;
; Total PLLs                         ; 0                                             ;
+------------------------------------+-----------------------------------------------+


+-------------------------------------------------------------------------------------------------------------------------------+
; Partition Merge Netlist Types Used                                                                                            ;
+--------------------------------+----------------+-------------------+------------------------+--------------------------------+
; Partition Name                 ; Partition Type ; Netlist Type Used ; Netlist Type Requested ; Partition Contents             ;
+--------------------------------+----------------+-------------------+------------------------+--------------------------------+
; Top                            ; User-created   ; Source File       ; Source File            ;                                ;
; sld_hub:auto_hub               ; Auto-generated ; Post-Synthesis    ; Post-Synthesis         ; sld_hub:auto_hub               ;
; sld_signaltap:auto_signaltap_0 ; Auto-generated ; Post-Synthesis    ; Post-Synthesis         ; sld_signaltap:auto_signaltap_0 ;
; hard_block:auto_generated_inst ; Auto-generated ; Source File       ; Source File            ; hard_block:auto_generated_inst ;
+--------------------------------+----------------+-------------------+------------------------+--------------------------------+


+------------------------------------------------------------------------------------------------------------------------------------------------------------------------------------------------+
; Connections to In-System Debugging Instance "auto_signaltap_0"                                                                                                                                 ;
+-----------------+--------------+-----------+----------------+-------------------+-------------------+------------------------------------------------------------------------------------------+
; Name            ; Type         ; Status    ; Partition Name ; Netlist Type Used ; Actual Connection ; Details                                                                                  ;
+-----------------+--------------+-----------+----------------+-------------------+-------------------+------------------------------------------------------------------------------------------+
; clk             ; post-fitting ; connected ; Top            ; post-synthesis    ; clk               ; N/A                                                                                      ;
; cycleCounter[0] ; post-fitting ; connected ; Top            ; post-synthesis    ; cycleCounter[0]   ; N/A                                                                                      ;
; cycleCounter[0] ; post-fitting ; connected ; Top            ; post-synthesis    ; cycleCounter[0]   ; N/A                                                                                      ;
; cycleCounter[0] ; post-fitting ; connected ; Top            ; post-synthesis    ; cycleCounter[0]   ; N/A                                                                                      ;
; cycleCounter[1] ; post-fitting ; connected ; Top            ; post-synthesis    ; cycleCounter[1]   ; N/A                                                                                      ;
; cycleCounter[1] ; post-fitting ; connected ; Top            ; post-synthesis    ; cycleCounter[1]   ; N/A                                                                                      ;
; cycleCounter[1] ; post-fitting ; connected ; Top            ; post-synthesis    ; cycleCounter[1]   ; N/A                                                                                      ;
; cycleCounter[2] ; post-fitting ; connected ; Top            ; post-synthesis    ; cycleCounter[2]   ; N/A                                                                                      ;
; cycleCounter[2] ; post-fitting ; connected ; Top            ; post-synthesis    ; cycleCounter[2]   ; N/A                                                                                      ;
; cycleCounter[2] ; post-fitting ; connected ; Top            ; post-synthesis    ; cycleCounter[2]   ; N/A                                                                                      ;
; cycleCounter[3] ; post-fitting ; connected ; Top            ; post-synthesis    ; cycleCounter[3]   ; N/A                                                                                      ;
; cycleCounter[3] ; post-fitting ; connected ; Top            ; post-synthesis    ; cycleCounter[3]   ; N/A                                                                                      ;
; cycleCounter[3] ; post-fitting ; connected ; Top            ; post-synthesis    ; cycleCounter[3]   ; N/A                                                                                      ;
; cycleCounter[4] ; post-fitting ; connected ; Top            ; post-synthesis    ; cycleCounter[4]   ; N/A                                                                                      ;
; cycleCounter[4] ; post-fitting ; connected ; Top            ; post-synthesis    ; cycleCounter[4]   ; N/A                                                                                      ;
; cycleCounter[4] ; post-fitting ; connected ; Top            ; post-synthesis    ; cycleCounter[4]   ; N/A                                                                                      ;
; cycleCounter[5] ; post-fitting ; missing   ; Top            ; post-synthesis    ; GND               ; The post-fitting netlist is not being used.  Set the partition's netlist type to source. ;
; cycleCounter[5] ; post-fitting ; missing   ; Top            ; post-synthesis    ; GND               ; The post-fitting netlist is not being used.  Set the partition's netlist type to source. ;
; cycleCounter[5] ; post-fitting ; missing   ; Top            ; post-synthesis    ; GND               ; The post-fitting netlist is not being used.  Set the partition's netlist type to source. ;
; cycleCounter[6] ; post-fitting ; missing   ; Top            ; post-synthesis    ; GND               ; The post-fitting netlist is not being used.  Set the partition's netlist type to source. ;
; cycleCounter[6] ; post-fitting ; missing   ; Top            ; post-synthesis    ; GND               ; The post-fitting netlist is not being used.  Set the partition's netlist type to source. ;
; cycleCounter[6] ; post-fitting ; missing   ; Top            ; post-synthesis    ; GND               ; The post-fitting netlist is not being used.  Set the partition's netlist type to source. ;
; cycleCounter[7] ; post-fitting ; missing   ; Top            ; post-synthesis    ; GND               ; The post-fitting netlist is not being used.  Set the partition's netlist type to source. ;
; cycleCounter[7] ; post-fitting ; missing   ; Top            ; post-synthesis    ; GND               ; The post-fitting netlist is not being used.  Set the partition's netlist type to source. ;
; cycleCounter[7] ; post-fitting ; missing   ; Top            ; post-synthesis    ; GND               ; The post-fitting netlist is not being used.  Set the partition's netlist type to source. ;
; cycleCounter[8] ; post-fitting ; missing   ; Top            ; post-synthesis    ; GND               ; The post-fitting netlist is not being used.  Set the partition's netlist type to source. ;
; cycleCounter[8] ; post-fitting ; missing   ; Top            ; post-synthesis    ; GND               ; The post-fitting netlist is not being used.  Set the partition's netlist type to source. ;
; cycleCounter[8] ; post-fitting ; missing   ; Top            ; post-synthesis    ; GND               ; The post-fitting netlist is not being used.  Set the partition's netlist type to source. ;
; cycleCounter[9] ; post-fitting ; missing   ; Top            ; post-synthesis    ; GND               ; The post-fitting netlist is not being used.  Set the partition's netlist type to source. ;
; cycleCounter[9] ; post-fitting ; missing   ; Top            ; post-synthesis    ; GND               ; The post-fitting netlist is not being used.  Set the partition's netlist type to source. ;
; cycleCounter[9] ; post-fitting ; missing   ; Top            ; post-synthesis    ; GND               ; The post-fitting netlist is not being used.  Set the partition's netlist type to source. ;
; direction       ; post-fitting ; connected ; Top            ; post-synthesis    ; direction         ; N/A                                                                                      ;
; direction       ; post-fitting ; connected ; Top            ; post-synthesis    ; direction         ; N/A                                                                                      ;
; direction       ; post-fitting ; connected ; Top            ; post-synthesis    ; direction         ; N/A                                                                                      ;
; go              ; post-fitting ; connected ; Top            ; post-synthesis    ; go                ; N/A                                                                                      ;
; go              ; post-fitting ; connected ; Top            ; post-synthesis    ; go                ; N/A                                                                                      ;
; go              ; post-fitting ; connected ; Top            ; post-synthesis    ; go                ; N/A                                                                                      ;
; internal_go     ; post-fitting ; connected ; Top            ; post-synthesis    ; internal_go~reg0  ; N/A                                                                                      ;
; internal_go     ; post-fitting ; connected ; Top            ; post-synthesis    ; internal_go~reg0  ; N/A                                                                                      ;
; internal_go     ; post-fitting ; connected ; Top            ; post-synthesis    ; internal_go~reg0  ; N/A                                                                                      ;
+-----------------+--------------+-----------+----------------+-------------------+-------------------+------------------------------------------------------------------------------------------+


+----------------------------------------------------------------------------------------------------------------------------------------+
; Partition Merge Partition Statistics                                                                                                   ;
+---------------------------------------------+-----+------------------+--------------------------------+--------------------------------+
; Statistic                                   ; Top ; sld_hub:auto_hub ; sld_signaltap:auto_signaltap_0 ; hard_block:auto_generated_inst ;
+---------------------------------------------+-----+------------------+--------------------------------+--------------------------------+
; Estimated Total logic elements              ; 77  ; 115              ; 437                            ; 0                              ;
;                                             ;     ;                  ;                                ;                                ;
; Total combinational functions               ; 75  ; 105              ; 239                            ; 0                              ;
; Logic element usage by number of LUT inputs ;     ;                  ;                                ;                                ;
;     -- 4 input functions                    ; 42  ; 42               ; 95                             ; 0                              ;
;     -- 3 input functions                    ; 5   ; 41               ; 86                             ; 0                              ;
;     -- <=2 input functions                  ; 28  ; 22               ; 58                             ; 0                              ;
;                                             ;     ;                  ;                                ;                                ;
; Logic elements by mode                      ;     ;                  ;                                ;                                ;
;     -- normal mode                          ; 55  ; 101              ; 211                            ; 0                              ;
;     -- arithmetic mode                      ; 20  ; 4                ; 28                             ; 0                              ;
;                                             ;     ;                  ;                                ;                                ;
; Total registers                             ; 31  ; 73               ; 356                            ; 0                              ;
;     -- Dedicated logic registers            ; 31  ; 73               ; 356                            ; 0                              ;
;     -- I/O registers                        ; 0   ; 0                ; 0                              ; 0                              ;
;                                             ;     ;                  ;                                ;                                ;
; Virtual pins                                ; 0   ; 0                ; 0                              ; 0                              ;
; I/O pins                                    ; 7   ; 0                ; 0                              ; 0                              ;
; Embedded Multiplier 9-bit elements          ; 0   ; 0                ; 0                              ; 0                              ;
; Total memory bits                           ; 0   ; 0                ; 1792                           ; 0                              ;
; Total RAM block bits                        ; 0   ; 0                ; 0                              ; 0                              ;
; JTAG                                        ; 1   ; 0                ; 0                              ; 0                              ;
;                                             ;     ;                  ;                                ;                                ;
; Connections                                 ;     ;                  ;                                ;                                ;
;     -- Input Connections                    ; 1   ; 112              ; 527                            ; 0                              ;
;     -- Registered Input Connections         ; 0   ; 82               ; 386                            ; 0                              ;
;     -- Output Connections                   ; 530 ; 109              ; 1                              ; 0                              ;
;     -- Registered Output Connections        ; 21  ; 108              ; 0                              ; 0                              ;
;                                             ;     ;                  ;                                ;                                ;
; Internal Connections                        ;     ;                  ;                                ;                                ;
;     -- Total Connections                    ; 843 ; 679              ; 2092                           ; 0                              ;
;     -- Registered Connections               ; 75  ; 503              ; 1345                           ; 0                              ;
;                                             ;     ;                  ;                                ;                                ;
; External Connections                        ;     ;                  ;                                ;                                ;
;     -- Top                                  ; 0   ; 104              ; 427                            ; 0                              ;
;     -- sld_hub:auto_hub                     ; 104 ; 16               ; 101                            ; 0                              ;
;     -- sld_signaltap:auto_signaltap_0       ; 427 ; 101              ; 0                              ; 0                              ;
;     -- hard_block:auto_generated_inst       ; 0   ; 0                ; 0                              ; 0                              ;
;                                             ;     ;                  ;                                ;                                ;
; Partition Interface                         ;     ;                  ;                                ;                                ;
;     -- Input Ports                          ; 5   ; 18               ; 95                             ; 0                              ;
;     -- Output Ports                         ; 6   ; 36               ; 36                             ; 0                              ;
;     -- Bidir Ports                          ; 0   ; 0                ; 0                              ; 0                              ;
;                                             ;     ;                  ;                                ;                                ;
; Registered Ports                            ;     ;                  ;                                ;                                ;
;     -- Registered Input Ports               ; 0   ; 4                ; 18                             ; 0                              ;
;     -- Registered Output Ports              ; 0   ; 26               ; 1                              ; 0                              ;
;                                             ;     ;                  ;                                ;                                ;
; Port Connectivity                           ;     ;                  ;                                ;                                ;
;     -- Input Ports driven by GND            ; 0   ; 1                ; 10                             ; 0                              ;
;     -- Output Ports driven by GND           ; 0   ; 0                ; 0                              ; 0                              ;
;     -- Input Ports driven by VCC            ; 0   ; 0                ; 0                              ; 0                              ;
;     -- Output Ports driven by VCC           ; 0   ; 0                ; 0                              ; 0                              ;
;     -- Input Ports with no Source           ; 0   ; 0                ; 39                             ; 0                              ;
;     -- Output Ports with no Source          ; 0   ; 0                ; 5                              ; 0                              ;
;     -- Input Ports with no Fanout           ; 0   ; 1                ; 39                             ; 0                              ;
;     -- Output Ports with no Fanout          ; 0   ; 14               ; 27                             ; 0                              ;
+---------------------------------------------+-----+------------------+--------------------------------+--------------------------------+
Note: Resource usage numbers presented for Partitions containing post-synthesis logic are estimates.  For Partitions containing post-fit logic, resource usage numbers are accurate based on previous placement information.  Actual Fitter results may vary depending on current Fitter Preservation Level assignments.


+------------------------------------------------------------------------+
; Partition Merge Resource Usage Summary                                 ;
+---------------------------------------------+--------------------------+
; Resource                                    ; Usage                    ;
+---------------------------------------------+--------------------------+
; Estimated Total logic elements              ; 628                      ;
;                                             ;                          ;
; Total combinational functions               ; 419                      ;
; Logic element usage by number of LUT inputs ;                          ;
;     -- 4 input functions                    ; 179                      ;
;     -- 3 input functions                    ; 132                      ;
;     -- <=2 input functions                  ; 108                      ;
;                                             ;                          ;
; Logic elements by mode                      ;                          ;
;     -- normal mode                          ; 367                      ;
;     -- arithmetic mode                      ; 52                       ;
;                                             ;                          ;
; Total registers                             ; 460                      ;
;     -- Dedicated logic registers            ; 460                      ;
;     -- I/O registers                        ; 0                        ;
;                                             ;                          ;
; I/O pins                                    ; 7                        ;
; Total memory bits                           ; 1792                     ;
; Maximum fan-out node                        ; altera_internal_jtag~TDO ;
; Maximum fan-out                             ; 268                      ;
; Total fan-out                               ; 2958                     ;
; Average fan-out                             ; 3.27                     ;
+---------------------------------------------+--------------------------+


+--------------------------------------------------------------------------------------------------------------------------------------------------------------------------------------------------------------------------------------------------------------------+
; Partition Merge RAM Summary                                                                                                                                                                                                                                        ;
+----------------------------------------------------------------------------------------------------------------------------------------------------------------+------+------------------+--------------+--------------+--------------+--------------+------+------+
; Name                                                                                                                                                           ; Type ; Mode             ; Port A Depth ; Port A Width ; Port B Depth ; Port B Width ; Size ; MIF  ;
+----------------------------------------------------------------------------------------------------------------------------------------------------------------+------+------------------+--------------+--------------+--------------+--------------+------+------+
; sld_signaltap:auto_signaltap_0|sld_signaltap_impl:sld_signaltap_body|altsyncram:\stp_non_zero_ram_gen:stp_buffer_ram|altsyncram_op14:auto_generated|ALTSYNCRAM ; AUTO ; Simple Dual Port ; 128          ; 14           ; 128          ; 14           ; 1792 ; None ;
+----------------------------------------------------------------------------------------------------------------------------------------------------------------+------+------------------+--------------+--------------+--------------+--------------+------+------+


+--------------------------+
; Partition Merge Messages ;
+--------------------------+
Info: *******************************************************************
Info: Running Quartus II 32-bit Partition Merge
    Info: Version 11.1 Build 259 01/25/2012 Service Pack 2 SJ Web Edition
    Info: Processing started: Mon Oct 22 00:32:04 2012
Info: Command: quartus_cdb --read_settings_files=off --write_settings_files=off lab2 -c lab2 --merge=on
Info (35007): Using synthesis netlist for partition "Top"
Info (35007): Using synthesis netlist for partition "sld_hub:auto_hub"
Info (35007): Using synthesis netlist for partition "sld_signaltap:auto_signaltap_0"
Critical Warning (35025): Partially connected in-system debug instance "auto_signaltap_0" to 25 of its 40 required data inputs, trigger inputs, acquisition clocks, and dynamic pins.  There were 0 illegal, 0 inaccessible, and 15 missing sources or connections.
Info (35002): Resolved and merged 3 partition(s)
Info (16010): Generating hard_block partition "hard_block:auto_generated_inst"
Info (21057): Implemented 669 device resources after synthesis - the final resource count might be different
    Info (21058): Implemented 5 input pins
    Info (21059): Implemented 6 output pins
    Info (21061): Implemented 643 logic cells
    Info (21064): Implemented 14 RAM segments
Info: Quartus II 32-bit Partition Merge was successful. 0 errors, 1 warning
    Info: Peak virtual memory: 287 megabytes
    Info: Processing ended: Mon Oct 22 00:32:06 2012
    Info: Elapsed time: 00:00:02
    Info: Total CPU time (on all processors): 00:00:02


