Analysis & Synthesis report for lab2
Thu Oct 25 12:17:54 2012
Quartus II Version 7.1 Build 156 04/30/2007 SJ Full Version


---------------------
; Table of Contents ;
---------------------
  1. Legal Notice
  2. Analysis & Synthesis Summary
  3. Analysis & Synthesis Settings
  4. Analysis & Synthesis Source Files Read
  5. Analysis & Synthesis Resource Usage Summary
  6. Analysis & Synthesis Resource Utilization by Entity
  7. State Machine - |lab2|active
  8. Registers Removed During Synthesis
  9. Removed Registers Triggering Further Register Optimizations
 10. General Register Statistics
 11. Multiplexer Restructuring Statistics (Restructuring Performed)
 12. Parameter Settings for User Entity Instance: Top-level Entity: |lab2
 13. Analysis & Synthesis Messages
 14. Analysis & Synthesis Suppressed Messages



----------------
; Legal Notice ;
----------------
Copyright (C) 1991-2007 Altera Corporation
Your use of Altera Corporation's design tools, logic functions 
and other software and tools, and its AMPP partner logic 
functions, and any output files from any of the foregoing 
(including device programming or simulation files), and any 
associated documentation or information are expressly subject 
to the terms and conditions of the Altera Program License 
Subscription Agreement, Altera MegaCore Function License 
Agreement, or other applicable license agreement, including, 
without limitation, that your use is for the sole purpose of 
programming logic devices manufactured by Altera and sold by 
Altera or its authorized distributors.  Please refer to the 
applicable agreement for further details.



+-------------------------------------------------------------------------------+
; Analysis & Synthesis Summary                                                  ;
+------------------------------------+------------------------------------------+
; Analysis & Synthesis Status        ; Successful - Thu Oct 25 12:17:53 2012    ;
; Quartus II Version                 ; 7.1 Build 156 04/30/2007 SJ Full Version ;
; Revision Name                      ; lab2                                     ;
; Top-level Entity Name              ; lab2                                     ;
; Family                             ; Cyclone II                               ;
; Total logic elements               ; 164                                      ;
;     Total combinational functions  ; 164                                      ;
;     Dedicated logic registers      ; 32                                       ;
; Total registers                    ; 32                                       ;
; Total pins                         ; 7                                        ;
; Total virtual pins                 ; 0                                        ;
; Total memory bits                  ; 0                                        ;
; Embedded Multiplier 9-bit elements ; 0                                        ;
; Total PLLs                         ; 0                                        ;
+------------------------------------+------------------------------------------+


+--------------------------------------------------------------------------------------------------------------------------+
; Analysis & Synthesis Settings                                                                                            ;
+--------------------------------------------------------------------------------+--------------------+--------------------+
; Option                                                                         ; Setting            ; Default Value      ;
+--------------------------------------------------------------------------------+--------------------+--------------------+
; Device                                                                         ; EP2C20F484C7       ;                    ;
; Top-level entity name                                                          ; lab2               ; lab2               ;
; Family name                                                                    ; Cyclone II         ; Stratix II         ;
; Type of Retiming Performed During Resynthesis                                  ; Full               ;                    ;
; Resynthesis Optimization Effort                                                ; Normal             ;                    ;
; Physical Synthesis Level for Resynthesis                                       ; Normal             ;                    ;
; Use Generated Physical Constraints File                                        ; On                 ;                    ;
; Restructure Multiplexers                                                       ; Auto               ; Auto               ;
; Create Debugging Nodes for IP Cores                                            ; Off                ; Off                ;
; Preserve fewer node names                                                      ; On                 ; On                 ;
; Disable OpenCore Plus hardware evaluation                                      ; Off                ; Off                ;
; Verilog Version                                                                ; Verilog_2001       ; Verilog_2001       ;
; VHDL Version                                                                   ; VHDL93             ; VHDL93             ;
; State Machine Processing                                                       ; Auto               ; Auto               ;
; Safe State Machine                                                             ; Off                ; Off                ;
; Extract Verilog State Machines                                                 ; On                 ; On                 ;
; Extract VHDL State Machines                                                    ; On                 ; On                 ;
; Ignore Verilog initial constructs                                              ; Off                ; Off                ;
; Add Pass-Through Logic to Inferred RAMs                                        ; On                 ; On                 ;
; DSP Block Balancing                                                            ; Auto               ; Auto               ;
; NOT Gate Push-Back                                                             ; On                 ; On                 ;
; Power-Up Don't Care                                                            ; On                 ; On                 ;
; Remove Redundant Logic Cells                                                   ; Off                ; Off                ;
; Remove Duplicate Registers                                                     ; On                 ; On                 ;
; Ignore CARRY Buffers                                                           ; Off                ; Off                ;
; Ignore CASCADE Buffers                                                         ; Off                ; Off                ;
; Ignore GLOBAL Buffers                                                          ; Off                ; Off                ;
; Ignore ROW GLOBAL Buffers                                                      ; Off                ; Off                ;
; Ignore LCELL Buffers                                                           ; Off                ; Off                ;
; Ignore SOFT Buffers                                                            ; On                 ; On                 ;
; Limit AHDL Integers to 32 Bits                                                 ; Off                ; Off                ;
; Optimization Technique -- Cyclone II/Cyclone III                               ; Balanced           ; Balanced           ;
; Carry Chain Length -- Stratix/Stratix GX/Cyclone/MAX II/Cyclone II/Cyclone III ; 70                 ; 70                 ;
; Auto Carry Chains                                                              ; On                 ; On                 ;
; Auto Open-Drain Pins                                                           ; On                 ; On                 ;
; Perform WYSIWYG Primitive Resynthesis                                          ; Off                ; Off                ;
; Perform gate-level register retiming                                           ; Off                ; Off                ;
; Allow register retiming to trade off Tsu/Tco with Fmax                         ; On                 ; On                 ;
; Auto ROM Replacement                                                           ; On                 ; On                 ;
; Auto RAM Replacement                                                           ; On                 ; On                 ;
; Auto Shift Register Replacement                                                ; Auto               ; Auto               ;
; Auto Clock Enable Replacement                                                  ; On                 ; On                 ;
; Allow Synchronous Control Signals                                              ; On                 ; On                 ;
; Force Use of Synchronous Clear Signals                                         ; Off                ; Off                ;
; Auto RAM to Logic Cell Conversion                                              ; Off                ; Off                ;
; Auto Resource Sharing                                                          ; Off                ; Off                ;
; Allow Any RAM Size For Recognition                                             ; Off                ; Off                ;
; Allow Any ROM Size For Recognition                                             ; Off                ; Off                ;
; Allow Any Shift Register Size For Recognition                                  ; Off                ; Off                ;
; Ignore translate_off and synthesis_off directives                              ; Off                ; Off                ;
; Show Parameter Settings Tables in Synthesis Report                             ; On                 ; On                 ;
; Ignore Maximum Fan-Out Assignments                                             ; Off                ; Off                ;
; Retiming Meta-Stability Register Sequence Length                               ; 2                  ; 2                  ;
; PowerPlay Power Optimization                                                   ; Normal compilation ; Normal compilation ;
; HDL message level                                                              ; Level2             ; Level2             ;
; Suppress Register Optimization Related Messages                                ; Off                ; Off                ;
; Number of Removed Registers Reported in Synthesis Report                       ; 100                ; 100                ;
; Clock MUX Protection                                                           ; On                 ; On                 ;
; Use smart compilation                                                          ; Off                ; Off                ;
+--------------------------------------------------------------------------------+--------------------+--------------------+


+--------------------------------------------------------------------------------------------------------------+
; Analysis & Synthesis Source Files Read                                                                       ;
+----------------------------------+-----------------+------------------------+--------------------------------+
; File Name with User-Entered Path ; Used in Netlist ; File Type              ; File Name with Absolute Path   ;
+----------------------------------+-----------------+------------------------+--------------------------------+
; lab2.v                           ; yes             ; User Verilog HDL File  ; H:/Year-3/Servo1/Servo1/lab2.v ;
+----------------------------------+-----------------+------------------------+--------------------------------+


+-----------------------------------------------------+
; Analysis & Synthesis Resource Usage Summary         ;
+---------------------------------------------+-------+
; Resource                                    ; Usage ;
+---------------------------------------------+-------+
; Estimated Total logic elements              ; 164   ;
;                                             ;       ;
; Total combinational functions               ; 164   ;
; Logic element usage by number of LUT inputs ;       ;
;     -- 4 input functions                    ; 90    ;
;     -- 3 input functions                    ; 10    ;
;     -- <=2 input functions                  ; 64    ;
;                                             ;       ;
; Logic elements by mode                      ;       ;
;     -- normal mode                          ; 110   ;
;     -- arithmetic mode                      ; 54    ;
;                                             ;       ;
; Total registers                             ; 32    ;
;     -- Dedicated logic registers            ; 32    ;
;     -- I/O registers                        ; 0     ;
;                                             ;       ;
; I/O pins                                    ; 7     ;
; Maximum fan-out node                        ; clk   ;
; Maximum fan-out                             ; 32    ;
; Total fan-out                               ; 578   ;
; Average fan-out                             ; 2.85  ;
+---------------------------------------------+-------+


+-----------------------------------------------------------------------------------------------------------------------------------------------------------------------------+
; Analysis & Synthesis Resource Utilization by Entity                                                                                                                         ;
+----------------------------+-------------------+--------------+-------------+--------------+---------+-----------+------+--------------+---------------------+--------------+
; Compilation Hierarchy Node ; LC Combinationals ; LC Registers ; Memory Bits ; DSP Elements ; DSP 9x9 ; DSP 18x18 ; Pins ; Virtual Pins ; Full Hierarchy Name ; Library Name ;
+----------------------------+-------------------+--------------+-------------+--------------+---------+-----------+------+--------------+---------------------+--------------+
; |lab2                      ; 164 (164)         ; 32 (32)      ; 0           ; 0            ; 0       ; 0         ; 7    ; 0            ; |lab2               ; work         ;
+----------------------------+-------------------+--------------+-------------+--------------+---------+-----------+------+--------------+---------------------+--------------+
Note: For table entries with two numbers listed, the numbers in parentheses indicate the number of resources of the given type used by the specific entity alone. The numbers listed outside of parentheses indicate the total resources of the given type used by the specific entity and all of its sub-entities in the hierarchy.


Encoding Type:  One-Hot
+------------------------------+
; State Machine - |lab2|active ;
+-----------+------------------+
; Name      ; active.01        ;
+-----------+------------------+
; active.00 ; 0                ;
; active.01 ; 1                ;
+-----------+------------------+


+--------------------------------------------------------------------------------+
; Registers Removed During Synthesis                                             ;
+---------------------------------------+----------------------------------------+
; Register name                         ; Reason for Removal                     ;
+---------------------------------------+----------------------------------------+
; cycleCounterIncreaser[8..9]           ; Stuck at GND due to stuck port data_in ;
; counter[20]                           ; Stuck at GND due to stuck port data_in ;
; right_check~reg0                      ; Merged with left_check~reg0            ;
; active~61                             ; Lost fanout                            ;
; cycleCounterIncreaser[7]              ; Stuck at GND due to stuck port data_in ;
; cycleCounter[1]                       ; Stuck at GND due to stuck port data_in ;
; Total Number of Removed Registers = 7 ;                                        ;
+---------------------------------------+----------------------------------------+


+-----------------------------------------------------------------------------------------------+
; Removed Registers Triggering Further Register Optimizations                                   ;
+--------------------------+---------------------------+----------------------------------------+
; Register name            ; Reason for Removal        ; Registers Removed due to This Register ;
+--------------------------+---------------------------+----------------------------------------+
; cycleCounterIncreaser[9] ; Stuck at GND              ; cycleCounterIncreaser[7]               ;
;                          ; due to stuck port data_in ;                                        ;
+--------------------------+---------------------------+----------------------------------------+


+------------------------------------------------------+
; General Register Statistics                          ;
+----------------------------------------------+-------+
; Statistic                                    ; Value ;
+----------------------------------------------+-------+
; Total registers                              ; 32    ;
; Number of registers using Synchronous Clear  ; 0     ;
; Number of registers using Synchronous Load   ; 0     ;
; Number of registers using Asynchronous Clear ; 0     ;
; Number of registers using Asynchronous Load  ; 0     ;
; Number of registers using Clock Enable       ; 1     ;
; Number of registers using Preset             ; 0     ;
+----------------------------------------------+-------+


+----------------------------------------------------------------------------------------------------------------------------------------------+
; Multiplexer Restructuring Statistics (Restructuring Performed)                                                                               ;
+--------------------+-----------+---------------+----------------------+------------------------+------------+--------------------------------+
; Multiplexer Inputs ; Bus Width ; Baseline Area ; Area if Restructured ; Saving if Restructured ; Registered ; Example Multiplexer Output     ;
+--------------------+-----------+---------------+----------------------+------------------------+------------+--------------------------------+
; 3:1                ; 21 bits   ; 42 LEs        ; 42 LEs               ; 0 LEs                  ; Yes        ; |lab2|counter[15]              ;
; 4:1                ; 10 bits   ; 20 LEs        ; 20 LEs               ; 0 LEs                  ; Yes        ; |lab2|cycleCounterIncreaser[3] ;
; 3:1                ; 21 bits   ; 42 LEs        ; 42 LEs               ; 0 LEs                  ; No         ; |lab2|counter~27               ;
; 4:1                ; 10 bits   ; 20 LEs        ; 20 LEs               ; 0 LEs                  ; No         ; |lab2|cycleCounterIncreaser~25 ;
+--------------------+-----------+---------------+----------------------+------------------------+------------+--------------------------------+


+----------------------------------------------------------------------+
; Parameter Settings for User Entity Instance: Top-level Entity: |lab2 ;
+------------------+-------------------+-------------------------------+
; Parameter Name   ; Value             ; Type                          ;
+------------------+-------------------+-------------------------------+
; PWM_length_left  ; 01100001101010000 ; Unsigned Binary               ;
; PMW_length_mid   ; 01111110111101000 ; Unsigned Binary               ;
; PWM_length_right ; 11000011010100000 ; Unsigned Binary               ;
+------------------+-------------------+-------------------------------+
Note: In order to hide this table in the UI and the text report file, please set the "Show Parameter Settings Tables in Synthesis Report" option in "Analysis and Synthesis Settings -> More Settings" to "Off".


+-------------------------------+
; Analysis & Synthesis Messages ;
+-------------------------------+
Info: *******************************************************************
Info: Running Quartus II Analysis & Synthesis
    Info: Version 7.1 Build 156 04/30/2007 SJ Full Version
    Info: Processing started: Thu Oct 25 12:17:32 2012
Info: Command: quartus_map --read_settings_files=on --write_settings_files=off lab2 -c lab2
Info: Found 1 design units, including 1 entities, in source file lab2.v
    Info: Found entity 1: lab2
Info: Elaborating entity "lab2" for the top level hierarchy
Warning (10230): Verilog HDL assignment warning at lab2.v(33): truncated value with size 32 to match size of target (5)
Warning (10230): Verilog HDL assignment warning at lab2.v(38): truncated value with size 32 to match size of target (21)
Warning (10230): Verilog HDL assignment warning at lab2.v(47): truncated value with size 32 to match size of target (10)
Warning (10230): Verilog HDL assignment warning at lab2.v(54): truncated value with size 32 to match size of target (21)
Warning (10230): Verilog HDL assignment warning at lab2.v(76): truncated value with size 32 to match size of target (10)
Warning (10230): Verilog HDL assignment warning at lab2.v(79): truncated value with size 32 to match size of target (2)
Warning: Reduced register "cycleCounterIncreaser[9]" with stuck data_in port to stuck value GND
Warning: Reduced register "cycleCounterIncreaser[8]" with stuck data_in port to stuck value GND
Warning: Reduced register "counter[20]" with stuck data_in port to stuck value GND
Info: Duplicate registers merged to single register
    Info: Duplicate register "right_check~reg0" merged to single register "left_check~reg0", power-up level changed
Info: State machine "|lab2|active" contains 2 states
Info: Selected Auto state machine encoding method for state machine "|lab2|active"
Info: Encoding result for state machine "|lab2|active"
    Info: Completed encoding using 1 state bits
        Info: Encoded state bit "active.01"
    Info: State "|lab2|active.00" uses code string "0"
    Info: State "|lab2|active.01" uses code string "1"
Warning: Reduced register "cycleCounterIncreaser[7]" with stuck data_in port to stuck value GND
Warning: Reduced register "cycleCounter[1]" with stuck data_in port to stuck value GND
Info: 1 registers lost all their fanouts during netlist optimizations. The first 1 are displayed below.
    Info: Register "active~61" lost all its fanouts during netlist optimizations.
Info: Generated suppressed messages file H:/Year-3/Servo1/Servo1/lab2.map.smsg
Info: Implemented 171 device resources after synthesis - the final resource count might be different
    Info: Implemented 3 input pins
    Info: Implemented 4 output pins
    Info: Implemented 164 logic cells
Info: Quartus II Analysis & Synthesis was successful. 0 errors, 11 warnings
    Info: Allocated 168 megabytes of memory during processing
    Info: Processing ended: Thu Oct 25 12:17:54 2012
    Info: Elapsed time: 00:00:22


+------------------------------------------+
; Analysis & Synthesis Suppressed Messages ;
+------------------------------------------+
The suppressed messages can be found in H:/Year-3/Servo1/Servo1/lab2.map.smsg.


